First horizont:  CUBE_3/SCRIPT/Horizon_0.csv
Second horizont: CUBE_3/LINE_HORIZONTS/prb_B_anon.txt
Mean value/std of error:                  1168.905 / 15.54446
First horizont length:                    3859491
Second horizont length:                   4187623
Number in 5 ms window:                    0
Rate in 5 ms window:                           0.0
Average height of FIRST horizont:         1126.064
Average height of SECOND horizont:        2294.969
In the FIRST, but not in the SECOND:      5309
In the SECOND, but not in the FIRST:      333441



First horizont:  CUBE_3/SCRIPT/Horizon_0.csv
Second horizont: CUBE_3/LINE_HORIZONTS/prb_T_ALL_anon.txt
Mean value/std of error:                  1211.499 /  17.4338
First horizont length:                    3859491
Second horizont length:                   4187623
Number in 5 ms window:                    0
Rate in 5 ms window:                           0.0
Average height of FIRST horizont:         1126.064
Average height of SECOND horizont:        2337.563
In the FIRST, but not in the SECOND:      5309
In the SECOND, but not in the FIRST:      333441



First horizont:  CUBE_3/SCRIPT/Horizon_0.csv
Second horizont: CUBE_3/LINE_HORIZONTS/prb_G_anon.txt
Mean value/std of error:                  0.7258954 / 0.8021307
First horizont length:                    3859491
Second horizont length:                   4187623
Number in 5 ms window:                    3850994
Rate in 5 ms window:                      0.9991728
Average height of FIRST horizont:         1126.064
Average height of SECOND horizont:        1125.773
In the FIRST, but not in the SECOND:      5309
In the SECOND, but not in the FIRST:      333441



First horizont:  CUBE_3/SCRIPT/Horizon_0.csv
Second horizont: CUBE_3/LINE_HORIZONTS/prb_M_anon.txt
Mean value/std of error:                  652.0597 / 12.53908
First horizont length:                    3859491
Second horizont length:                   4187623
Number in 5 ms window:                    0
Rate in 5 ms window:                           0.0
Average height of FIRST horizont:         1126.064
Average height of SECOND horizont:        1778.124
In the FIRST, but not in the SECOND:      5309
In the SECOND, but not in the FIRST:      333441



